2019/10/18 21:11:18 [5568] building file list
2019/10/18 21:11:18 [5568] .d..t...... etc/.pihole/.git/
2019/10/18 21:11:18 [5568] .d..t...... etc/pihole/
2019/10/18 21:11:18 [5568] >f..t...... etc/pihole/localbranches
2019/10/18 21:11:18 [5568] >f..t...... etc/pihole/localversions
2019/10/18 21:11:18 [5568] >f..t...... etc/pihole/pihole-FTL.db
2019/10/18 21:11:18 [5568] .d..t...... home/admin/
2019/10/18 21:11:18 [5568] >f.st...... home/admin/.bash_history
2019/10/18 21:11:18 [5568] >f.st...... home/admin/.bashrc
2019/10/18 21:11:18 [5568] .d..t...... home/theo/
2019/10/18 21:11:19 [5568] *deleting   srv/scripts/_exclusions.sh
2019/10/18 21:11:19 [5568] .d..t...... run/
2019/10/18 21:11:19 [5568] .d..t...... srv/scripts/
2019/10/18 21:11:19 [5568] .d..t...... srv/scripts/.logs/
2019/10/18 21:11:19 [5568] >f.st...... srv/scripts/.logs/backup-2019_10_18_21-03-07.log
2019/10/18 21:11:19 [5568] >f+++++++++ srv/scripts/.logs/backup-2019_10_18_21-11-18.log
2019/10/18 21:11:19 [5568] .d..t...... tmp/
2019/10/18 21:11:21 [5568] >f..t...... var/lib/systemd/timers/stamp-phpsessionclean.timer
2019/10/18 21:11:21 [5568] >f..t...... var/lib/systemd/timesync/clock
2019/10/18 21:11:21 [5568] >f.st...... var/log/auth.log
2019/10/18 21:11:21 [5568] >f.st...... var/log/daemon.log
2019/10/18 21:11:21 [5568] >f..t...... var/log/lastlog
2019/10/18 21:11:21 [5568] >f.st...... var/log/syslog
2019/10/18 21:11:21 [5568] >f.st...... var/log/wtmp
2019/10/18 21:11:21 [5568] .d..t...... var/tmp/
2019/10/18 21:11:21 [5568] .d..t...... var/www/html/admin/.git/
2019/10/18 21:11:21 [5568] sent 1,576,761 bytes  received 5,244 bytes  452,001.43 bytes/sec
2019/10/18 21:11:21 [5568] total size is 1,382,921,492  speedup is 874.16
